 
ANSYS Electronics Desktop Version 2018.0.0, Build: 2017-12-03 22:04:48
Location: C:\Program Files\AnsysEM\AnsysEM19.0\Win64\ansysedt.exe
Non Graphical Mode: No Project??
Starting Batch Run: 4:13:35 AM  May 03, 2021
Running as user: ECE-2965-8B0D\abisw002
The -ng flag must be combined with the -batchsolve, -batchsave or -batchextract flag.
[Exiting application]
 
ANSYS Electronics Desktop Version 2018.0.0, Build: 2017-12-03 22:04:48
Location: C:\Program Files\AnsysEM\AnsysEM19.0\Win64\ansysedt.exe
Non Graphical Mode: No Project??
Starting Batch Run: 4:14:07 AM  May 03, 2021
Running as user: ECE-2965-8B0D\abisw002
The -ng flag must be combined with the -batchsolve, -batchsave or -batchextract flag.
[Exiting application]
 
ANSYS Electronics Desktop Version 2018.0.0, Build: 2017-12-03 22:04:48
Location: C:\Program Files\AnsysEM\AnsysEM19.0\Win64\ansysedt.exe
Non Graphical Mode: No Project??
Starting Batch Run: 4:14:22 AM  May 03, 2021
Running as user: ECE-2965-8B0D\abisw002
The -ng flag must be combined with the -batchsolve, -batchsave or -batchextract flag.
[Exiting application]
